org.springframework.cloud.config.client.ConfigServicePropertySourceLocator-[INFO]- 2024-07-31 02:57:57,570-Fetching config from server at : http://localhost:6000-
org.springframework.cloud.config.client.ConfigServicePropertySourceLocator-[INFO]- 2024-07-31 02:57:58,724-Located environment: name=CustomerService, profiles=[default], label=null, version=5437bb7eabeee518befbd0fda6836211282e3913, state=null-
org.springframework.cloud.bootstrap.config.PropertySourceBootstrapConfiguration-[INFO]- 2024-07-31 02:57:58,727-Located property source: [BootstrapPropertySource {name='bootstrapProperties-configClient'}, BootstrapPropertySource {name='bootstrapProperties-https://github.com/Smiley-tejasri/Spring_cloud_Config/application.properties'}]-
com.example.customer.CustomerServiceApplication-[INFO]- 2024-07-31 02:57:58,762-No active profile set, falling back to 1 default profile: "default"-
org.springframework.data.repository.config.RepositoryConfigurationDelegate-[INFO]- 2024-07-31 02:58:02,373-Bootstrapping Spring Data JPA repositories in DEFAULT mode.-
org.springframework.data.repository.config.RepositoryConfigurationDelegate-[INFO]- 2024-07-31 02:58:02,472-Finished Spring Data repository scanning in 76 ms. Found 1 JPA repository interface.-
org.springframework.cloud.context.scope.GenericScope-[INFO]- 2024-07-31 02:58:03,025-BeanFactory id=5120dd05-bb01-36c7-be7d-da63082890cc-
org.springframework.boot.web.embedded.tomcat.TomcatWebServer-[INFO]- 2024-07-31 02:58:04,472-Tomcat initialized with port 9090 (http)-
org.apache.catalina.core.StandardService-[INFO]- 2024-07-31 02:58:04,495-Starting service [Tomcat]-
org.apache.catalina.core.StandardEngine-[INFO]- 2024-07-31 02:58:04,496-Starting Servlet engine: [Apache Tomcat/10.1.26]-
org.apache.catalina.core.ContainerBase.[Tomcat].[localhost].[/]-[INFO]- 2024-07-31 02:58:04,644-Initializing Spring embedded WebApplicationContext-
org.springframework.boot.web.servlet.context.ServletWebServerApplicationContext-[INFO]- 2024-07-31 02:58:04,644-Root WebApplicationContext: initialization completed in 5845 ms-
org.hibernate.jpa.internal.util.LogHelper-[INFO]- 2024-07-31 02:58:05,435-HHH000204: Processing PersistenceUnitInfo [name: default]-
org.hibernate.Version-[INFO]- 2024-07-31 02:58:05,563-HHH000412: Hibernate ORM core version 6.5.2.Final-
org.hibernate.cache.internal.RegionFactoryInitiator-[INFO]- 2024-07-31 02:58:05,647-HHH000026: Second-level cache disabled-
org.springframework.orm.jpa.persistenceunit.SpringPersistenceUnitInfo-[INFO]- 2024-07-31 02:58:06,269-No LoadTimeWeaver setup: ignoring JPA class transformer-
com.zaxxer.hikari.HikariDataSource-[INFO]- 2024-07-31 02:58:06,335-HikariPool-1 - Starting...-
com.zaxxer.hikari.pool.HikariPool-[INFO]- 2024-07-31 02:58:06,902-HikariPool-1 - Added connection com.mysql.cj.jdbc.ConnectionImpl@17368c4-
com.zaxxer.hikari.HikariDataSource-[INFO]- 2024-07-31 02:58:06,906-HikariPool-1 - Start completed.-
org.hibernate.engine.transaction.jta.platform.internal.JtaPlatformInitiator-[INFO]- 2024-07-31 02:58:09,060-HHH000489: No JTA platform available (set 'hibernate.transaction.jta.platform' to enable JTA platform integration)-
org.springframework.orm.jpa.LocalContainerEntityManagerFactoryBean-[INFO]- 2024-07-31 02:58:09,194-Initialized JPA EntityManagerFactory for persistence unit 'default'-
org.springframework.boot.autoconfigure.orm.jpa.JpaBaseConfiguration$JpaWebConfiguration-[WARN]- 2024-07-31 02:58:10,225-spring.jpa.open-in-view is enabled by default. Therefore, database queries may be performed during view rendering. Explicitly configure spring.jpa.open-in-view to disable this warning-
org.springframework.boot.devtools.autoconfigure.OptionalLiveReloadServer-[WARN]- 2024-07-31 02:58:10,532-Unable to start LiveReload server-
org.springframework.boot.actuate.endpoint.web.EndpointLinksResolver-[INFO]- 2024-07-31 02:58:15,644-Exposing 1 endpoint beneath base path '/actuator'-
org.springframework.boot.web.embedded.tomcat.TomcatWebServer-[INFO]- 2024-07-31 02:58:15,857-Tomcat started on port 9090 (http) with context path '/'-
com.example.customer.CustomerServiceApplication-[INFO]- 2024-07-31 02:58:16,144-Started CustomerServiceApplication in 21.237 seconds (process running for 22.724)-
org.apache.catalina.core.ContainerBase.[Tomcat].[localhost].[/]-[INFO]- 2024-07-31 02:58:17,067-Initializing Spring DispatcherServlet 'dispatcherServlet'-
org.springframework.web.servlet.DispatcherServlet-[INFO]- 2024-07-31 02:58:17,067-Initializing Servlet 'dispatcherServlet'-
org.springframework.web.servlet.DispatcherServlet-[INFO]- 2024-07-31 02:58:17,072-Completed initialization in 4 ms-
org.springframework.boot.admin.SpringApplicationAdminMXBeanRegistrar$SpringApplicationAdmin-[INFO]- 2024-07-31 03:10:17,959-Application shutdown requested.-
org.springframework.orm.jpa.LocalContainerEntityManagerFactoryBean-[INFO]- 2024-07-31 03:10:18,086-Closing JPA EntityManagerFactory for persistence unit 'default'-
com.zaxxer.hikari.HikariDataSource-[INFO]- 2024-07-31 03:10:18,093-HikariPool-1 - Shutdown initiated...-
com.zaxxer.hikari.HikariDataSource-[INFO]- 2024-07-31 03:10:18,139-HikariPool-1 - Shutdown completed.-
org.apache.catalina.core.StandardService-[INFO]- 2024-07-31 03:10:18,144-Stopping service [Tomcat]-
org.apache.catalina.core.ContainerBase.[Tomcat].[localhost].[/]-[INFO]- 2024-07-31 03:10:18,147-Destroying Spring FrameworkServlet 'dispatcherServlet'-
org.springframework.cloud.config.client.ConfigServicePropertySourceLocator-[INFO]- 2024-07-31 09:33:33,697-Fetching config from server at : http://localhost:6000-
org.springframework.cloud.config.client.ConfigServicePropertySourceLocator-[INFO]- 2024-07-31 09:33:34,697-Located environment: name=CustomerService, profiles=[default], label=null, version=5437bb7eabeee518befbd0fda6836211282e3913, state=null-
org.springframework.cloud.bootstrap.config.PropertySourceBootstrapConfiguration-[INFO]- 2024-07-31 09:33:34,701-Located property source: [BootstrapPropertySource {name='bootstrapProperties-configClient'}, BootstrapPropertySource {name='bootstrapProperties-https://github.com/Smiley-tejasri/Spring_cloud_Config/application.properties'}]-
com.example.customer.CustomerServiceApplication-[INFO]- 2024-07-31 09:33:34,725-No active profile set, falling back to 1 default profile: "default"-
org.springframework.data.repository.config.RepositoryConfigurationDelegate-[INFO]- 2024-07-31 09:33:36,547-Bootstrapping Spring Data JPA repositories in DEFAULT mode.-
org.springframework.data.repository.config.RepositoryConfigurationDelegate-[INFO]- 2024-07-31 09:33:36,617-Finished Spring Data repository scanning in 50 ms. Found 1 JPA repository interface.-
org.springframework.cloud.context.scope.GenericScope-[INFO]- 2024-07-31 09:33:37,039-BeanFactory id=5120dd05-bb01-36c7-be7d-da63082890cc-
org.springframework.boot.web.embedded.tomcat.TomcatWebServer-[INFO]- 2024-07-31 09:33:38,301-Tomcat initialized with port 9090 (http)-
org.apache.catalina.core.StandardService-[INFO]- 2024-07-31 09:33:38,320-Starting service [Tomcat]-
org.apache.catalina.core.StandardEngine-[INFO]- 2024-07-31 09:33:38,321-Starting Servlet engine: [Apache Tomcat/10.1.26]-
org.apache.catalina.core.ContainerBase.[Tomcat].[localhost].[/]-[INFO]- 2024-07-31 09:33:38,436-Initializing Spring embedded WebApplicationContext-
org.springframework.boot.web.servlet.context.ServletWebServerApplicationContext-[INFO]- 2024-07-31 09:33:38,437-Root WebApplicationContext: initialization completed in 3682 ms-
org.hibernate.jpa.internal.util.LogHelper-[INFO]- 2024-07-31 09:33:39,240-HHH000204: Processing PersistenceUnitInfo [name: default]-
org.hibernate.Version-[INFO]- 2024-07-31 09:33:39,338-HHH000412: Hibernate ORM core version 6.5.2.Final-
org.hibernate.cache.internal.RegionFactoryInitiator-[INFO]- 2024-07-31 09:33:39,410-HHH000026: Second-level cache disabled-
org.springframework.orm.jpa.persistenceunit.SpringPersistenceUnitInfo-[INFO]- 2024-07-31 09:33:39,874-No LoadTimeWeaver setup: ignoring JPA class transformer-
com.zaxxer.hikari.HikariDataSource-[INFO]- 2024-07-31 09:33:39,922-HikariPool-1 - Starting...-
com.zaxxer.hikari.pool.HikariPool-[INFO]- 2024-07-31 09:33:40,354-HikariPool-1 - Added connection com.mysql.cj.jdbc.ConnectionImpl@164eb092-
com.zaxxer.hikari.HikariDataSource-[INFO]- 2024-07-31 09:33:40,358-HikariPool-1 - Start completed.-
org.hibernate.engine.transaction.jta.platform.internal.JtaPlatformInitiator-[INFO]- 2024-07-31 09:33:42,037-HHH000489: No JTA platform available (set 'hibernate.transaction.jta.platform' to enable JTA platform integration)-
org.springframework.orm.jpa.LocalContainerEntityManagerFactoryBean-[INFO]- 2024-07-31 09:33:42,141-Initialized JPA EntityManagerFactory for persistence unit 'default'-
org.springframework.boot.autoconfigure.orm.jpa.JpaBaseConfiguration$JpaWebConfiguration-[WARN]- 2024-07-31 09:33:42,980-spring.jpa.open-in-view is enabled by default. Therefore, database queries may be performed during view rendering. Explicitly configure spring.jpa.open-in-view to disable this warning-
org.springframework.boot.devtools.autoconfigure.OptionalLiveReloadServer-[WARN]- 2024-07-31 09:33:43,188-Unable to start LiveReload server-
org.springframework.boot.actuate.endpoint.web.EndpointLinksResolver-[INFO]- 2024-07-31 09:33:47,148-Exposing 1 endpoint beneath base path '/actuator'-
org.springframework.boot.web.embedded.tomcat.TomcatWebServer-[INFO]- 2024-07-31 09:33:47,391-Tomcat started on port 9090 (http) with context path '/'-
com.example.customer.CustomerServiceApplication-[INFO]- 2024-07-31 09:33:47,690-Started CustomerServiceApplication in 15.881 seconds (process running for 17.185)-
org.apache.catalina.core.ContainerBase.[Tomcat].[localhost].[/]-[INFO]- 2024-07-31 09:33:48,514-Initializing Spring DispatcherServlet 'dispatcherServlet'-
org.springframework.web.servlet.DispatcherServlet-[INFO]- 2024-07-31 09:33:48,515-Initializing Servlet 'dispatcherServlet'-
org.springframework.web.servlet.DispatcherServlet-[INFO]- 2024-07-31 09:33:48,520-Completed initialization in 5 ms-
org.springframework.boot.admin.SpringApplicationAdminMXBeanRegistrar$SpringApplicationAdmin-[INFO]- 2024-07-31 13:01:35,372-Application shutdown requested.-
org.springframework.orm.jpa.LocalContainerEntityManagerFactoryBean-[INFO]- 2024-07-31 13:01:35,501-Closing JPA EntityManagerFactory for persistence unit 'default'-
com.zaxxer.hikari.HikariDataSource-[INFO]- 2024-07-31 13:01:35,521-HikariPool-1 - Shutdown initiated...-
com.zaxxer.hikari.HikariDataSource-[INFO]- 2024-07-31 13:01:35,539-HikariPool-1 - Shutdown completed.-
org.apache.catalina.core.StandardService-[INFO]- 2024-07-31 13:01:35,545-Stopping service [Tomcat]-
org.apache.catalina.core.ContainerBase.[Tomcat].[localhost].[/]-[INFO]- 2024-07-31 13:01:35,548-Destroying Spring FrameworkServlet 'dispatcherServlet'-
org.springframework.cloud.config.client.ConfigServicePropertySourceLocator-[INFO]- 2024-07-31 16:25:22,549-Fetching config from server at : http://localhost:6000-
org.springframework.cloud.config.client.ConfigServicePropertySourceLocator-[INFO]- 2024-07-31 16:25:23,665-Located environment: name=CustomerService, profiles=[default], label=null, version=5437bb7eabeee518befbd0fda6836211282e3913, state=null-
org.springframework.cloud.bootstrap.config.PropertySourceBootstrapConfiguration-[INFO]- 2024-07-31 16:25:23,668-Located property source: [BootstrapPropertySource {name='bootstrapProperties-configClient'}, BootstrapPropertySource {name='bootstrapProperties-https://github.com/Smiley-tejasri/Spring_cloud_Config/application.properties'}]-
com.example.customer.CustomerServiceApplication-[INFO]- 2024-07-31 16:25:23,708-No active profile set, falling back to 1 default profile: "default"-
org.springframework.data.repository.config.RepositoryConfigurationDelegate-[INFO]- 2024-07-31 16:25:27,005-Bootstrapping Spring Data JPA repositories in DEFAULT mode.-
org.springframework.data.repository.config.RepositoryConfigurationDelegate-[INFO]- 2024-07-31 16:25:27,119-Finished Spring Data repository scanning in 100 ms. Found 1 JPA repository interface.-
org.springframework.cloud.context.scope.GenericScope-[INFO]- 2024-07-31 16:25:27,657-BeanFactory id=5120dd05-bb01-36c7-be7d-da63082890cc-
org.springframework.boot.web.embedded.tomcat.TomcatWebServer-[INFO]- 2024-07-31 16:25:28,906-Tomcat initialized with port 9090 (http)-
org.apache.catalina.core.StandardService-[INFO]- 2024-07-31 16:25:28,930-Starting service [Tomcat]-
org.apache.catalina.core.StandardEngine-[INFO]- 2024-07-31 16:25:28,930-Starting Servlet engine: [Apache Tomcat/10.1.26]-
org.apache.catalina.core.ContainerBase.[Tomcat].[localhost].[/]-[INFO]- 2024-07-31 16:25:29,059-Initializing Spring embedded WebApplicationContext-
org.springframework.boot.web.servlet.context.ServletWebServerApplicationContext-[INFO]- 2024-07-31 16:25:29,060-Root WebApplicationContext: initialization completed in 5293 ms-
org.hibernate.jpa.internal.util.LogHelper-[INFO]- 2024-07-31 16:25:30,008-HHH000204: Processing PersistenceUnitInfo [name: default]-
org.hibernate.Version-[INFO]- 2024-07-31 16:25:30,117-HHH000412: Hibernate ORM core version 6.5.2.Final-
org.hibernate.cache.internal.RegionFactoryInitiator-[INFO]- 2024-07-31 16:25:30,189-HHH000026: Second-level cache disabled-
org.springframework.orm.jpa.persistenceunit.SpringPersistenceUnitInfo-[INFO]- 2024-07-31 16:25:30,695-No LoadTimeWeaver setup: ignoring JPA class transformer-
com.zaxxer.hikari.HikariDataSource-[INFO]- 2024-07-31 16:25:30,746-HikariPool-1 - Starting...-
com.zaxxer.hikari.pool.HikariPool-[INFO]- 2024-07-31 16:25:31,167-HikariPool-1 - Added connection com.mysql.cj.jdbc.ConnectionImpl@7ca82cb-
com.zaxxer.hikari.HikariDataSource-[INFO]- 2024-07-31 16:25:31,170-HikariPool-1 - Start completed.-
org.hibernate.engine.transaction.jta.platform.internal.JtaPlatformInitiator-[INFO]- 2024-07-31 16:25:32,778-HHH000489: No JTA platform available (set 'hibernate.transaction.jta.platform' to enable JTA platform integration)-
org.springframework.orm.jpa.LocalContainerEntityManagerFactoryBean-[INFO]- 2024-07-31 16:25:32,897-Initialized JPA EntityManagerFactory for persistence unit 'default'-
org.springframework.boot.autoconfigure.orm.jpa.JpaBaseConfiguration$JpaWebConfiguration-[WARN]- 2024-07-31 16:25:33,828-spring.jpa.open-in-view is enabled by default. Therefore, database queries may be performed during view rendering. Explicitly configure spring.jpa.open-in-view to disable this warning-
org.springframework.boot.devtools.autoconfigure.OptionalLiveReloadServer-[WARN]- 2024-07-31 16:25:34,048-Unable to start LiveReload server-
org.springframework.boot.actuate.endpoint.web.EndpointLinksResolver-[INFO]- 2024-07-31 16:25:38,585-Exposing 1 endpoint beneath base path '/actuator'-
org.springframework.boot.web.embedded.tomcat.TomcatWebServer-[INFO]- 2024-07-31 16:25:38,866-Tomcat started on port 9090 (http) with context path '/'-
com.example.customer.CustomerServiceApplication-[INFO]- 2024-07-31 16:25:39,642-Started CustomerServiceApplication in 20.091 seconds (process running for 22.013)-
org.apache.catalina.core.ContainerBase.[Tomcat].[localhost].[/]-[INFO]- 2024-07-31 16:25:41,698-Initializing Spring DispatcherServlet 'dispatcherServlet'-
org.springframework.web.servlet.DispatcherServlet-[INFO]- 2024-07-31 16:25:41,700-Initializing Servlet 'dispatcherServlet'-
org.springframework.web.servlet.DispatcherServlet-[INFO]- 2024-07-31 16:25:41,706-Completed initialization in 5 ms-
org.springframework.boot.admin.SpringApplicationAdminMXBeanRegistrar$SpringApplicationAdmin-[INFO]- 2024-07-31 16:55:38,350-Application shutdown requested.-
org.springframework.orm.jpa.LocalContainerEntityManagerFactoryBean-[INFO]- 2024-07-31 16:55:38,431-Closing JPA EntityManagerFactory for persistence unit 'default'-
com.zaxxer.hikari.HikariDataSource-[INFO]- 2024-07-31 16:55:38,439-HikariPool-1 - Shutdown initiated...-
com.zaxxer.hikari.HikariDataSource-[INFO]- 2024-07-31 16:55:38,462-HikariPool-1 - Shutdown completed.-
org.apache.catalina.core.StandardService-[INFO]- 2024-07-31 16:55:38,466-Stopping service [Tomcat]-
org.apache.catalina.core.ContainerBase.[Tomcat].[localhost].[/]-[INFO]- 2024-07-31 16:55:38,468-Destroying Spring FrameworkServlet 'dispatcherServlet'-
